<?xml version="1.0" encoding="UTF-8"?>
<!-- Generated by org.testng.reporters.JUnitReportReporter -->
<testsuite skipped="0" hostname="STI-D01-YOGESHA" name="com.pa.qa.testcases.HomePageImageNavigateTest" tests="1" failures="0" timestamp="02 Jan 2018 14:24:23 GMT" time="41.191" errors="0">
  <testcase name="HomePageNavigateTest" time="41.191" classname="com.pa.qa.testcases.HomePageImageNavigateTest"/>
</testsuite> <!-- com.pa.qa.testcases.HomePageImageNavigateTest -->
