<?xml version="1.0" encoding="UTF-8"?>
<!-- Generated by org.testng.reporters.JUnitReportReporter -->
<testsuite skipped="0" hostname="STI-D01-YOGESHA" name="com.pa.qa.testcases.LogInTest" tests="5" failures="0" timestamp="02 Jan 2018 14:24:23 GMT" time="59.731" errors="0">
  <testcase name="LogInToApp" time="3.226" classname="com.pa.qa.testcases.LogInTest"/>
  <testcase name="LogInToApp" time="3.087" classname="com.pa.qa.testcases.LogInTest"/>
  <testcase name="LogInToApp" time="3.118" classname="com.pa.qa.testcases.LogInTest"/>
  <testcase name="LogInToApp" time="47.141" classname="com.pa.qa.testcases.LogInTest"/>
  <testcase name="LogInToApp" time="3.159" classname="com.pa.qa.testcases.LogInTest"/>
</testsuite> <!-- com.pa.qa.testcases.LogInTest -->
